 Volume in drive C is Windows
 Volume Serial Number is F28C-756F

 Directory of C:\Users\rbaul

02/05/2019  08:28 PM    <DIR>          .
02/05/2019  08:28 PM    <DIR>          ..
01/24/2019  09:03 PM    <DIR>          .config
02/05/2019  08:28 PM               175 .gitconfig
01/24/2019  09:16 PM    <DIR>          .gradle
02/01/2019  07:26 PM             2,095 .h2.server.properties
01/24/2019  03:12 PM    <DIR>          .IdeaIC2018.3
01/30/2019  09:46 PM    <DIR>          .m2
01/24/2019  03:08 PM    <DIR>          .vscode
02/04/2019  03:57 PM               115 .yo-rc-global.json
01/24/2019  11:54 AM    <DIR>          3D Objects
01/27/2019  10:12 PM            36,864 biaas_db.mv.db
01/24/2019  11:54 AM    <DIR>          Contacts
02/04/2019  10:13 AM    <DIR>          Desktop
02/05/2019  09:11 AM    <DIR>          Documents
02/06/2019  01:20 PM    <DIR>          Downloads
01/24/2019  11:54 AM    <DIR>          Favorites
01/24/2019  11:54 AM    <DIR>          Links
01/24/2019  03:56 PM                49 mercurial.ini
01/24/2019  11:54 AM    <DIR>          Music
01/24/2019  12:00 PM    <DIR>          OneDrive
02/07/2019  08:51 AM    <DIR>          OneDrive - ECI Telecom LTD
01/31/2019  04:04 PM    <DIR>          Pictures
01/22/2019  12:43 PM    <DIR>          Roaming
01/24/2019  11:54 AM    <DIR>          Saved Games
02/05/2019  12:18 PM               540 script.bat
01/24/2019  11:54 AM    <DIR>          Searches
01/28/2019  03:38 PM    <DIR>          Videos
               6 File(s)         39,838 bytes
              22 Dir(s)  157,971,886,080 bytes free
